This is pdfTeX, Version 3.14159265-2.6-1.40.16 (MiKTeX 2.9 64-bit) (preloaded format=pdflatex 2016.7.13)  13 JUL 2016 23:49
entering extended mode
**./main.tex
(main.tex
LaTeX2e <2016/03/31>
Babel <3.9r> and hyphenation patterns for 75 language(s) loaded.
(mnras.cls
Document Class: mnras 2015/05/22\ v3.0\ LaTeX2e MNRAS document class
MNRAS document style v3.0, released 2015/05/22

Package mnras Warning: Unknown option `a4paper' on input line 113.

("C:\apps\MiKTeX 2.9\tex\latex\geometry\geometry.sty"
Package: geometry 2010/09/12 v5.6 Page Geometry

("C:\apps\MiKTeX 2.9\tex\latex\graphics\keyval.sty"
Package: keyval 2014/10/28 v1.15 key=value parser (DPC)
\KV@toks@=\toks14
)
("C:\apps\MiKTeX 2.9\tex\generic\oberdiek\ifpdf.sty"
Package: ifpdf 2011/01/30 v2.3 Provides the ifpdf switch (HO)
Package ifpdf Info: pdfTeX in PDF mode is detected.
)
("C:\apps\MiKTeX 2.9\tex\generic\oberdiek\ifvtex.sty"
Package: ifvtex 2010/03/01 v1.5 Detect VTeX and its facilities (HO)
Package ifvtex Info: VTeX not detected.
)
("C:\apps\MiKTeX 2.9\tex\generic\ifxetex\ifxetex.sty"
Package: ifxetex 2010/09/12 v0.6 Provides ifxetex conditional
)
\Gm@cnth=\count79
\Gm@cntv=\count80
\c@Gm@tempcnt=\count81
\Gm@bindingoffset=\dimen102
\Gm@wd@mp=\dimen103
\Gm@odd@mp=\dimen104
\Gm@even@mp=\dimen105
\Gm@layoutwidth=\dimen106
\Gm@layoutheight=\dimen107
\Gm@layouthoffset=\dimen108
\Gm@layoutvoffset=\dimen109
\Gm@dimlist=\toks15

("C:\apps\MiKTeX 2.9\tex\latex\geometry\geometry.cfg"))
("C:\apps\MiKTeX 2.9\tex\latex\base\fixltx2e.sty"
Package: fixltx2e 2015/06/22 v2.0b fixes to LaTeX (obsolete)


Package fixltx2e Warning: fixltx2e is not required with releases after 2015
(fixltx2e)                All fixes are now in the LaTeX kernel.
(fixltx2e)                See the latexrelease package for details.

) ("C:\apps\MiKTeX 2.9\tex\latex\hyperref\hyperref.sty"
Package: hyperref 2012/11/06 v6.83m Hypertext links for LaTeX

("C:\apps\MiKTeX 2.9\tex\generic\oberdiek\hobsub-hyperref.sty"
Package: hobsub-hyperref 2012/04/25 v1.12 Bundle oberdiek, subset hyperref (HO)


("C:\apps\MiKTeX 2.9\tex\generic\oberdiek\hobsub-generic.sty"
Package: hobsub-generic 2012/04/25 v1.12 Bundle oberdiek, subset generic (HO)
Package: hobsub 2012/04/25 v1.12 Construct package bundles (HO)
Package: infwarerr 2010/04/08 v1.3 Providing info/warning/error messages (HO)
Package: ltxcmds 2011/11/09 v1.22 LaTeX kernel commands for general use (HO)
Package: ifluatex 2010/03/01 v1.3 Provides the ifluatex switch (HO)
Package ifluatex Info: LuaTeX not detected.
Package hobsub Info: Skipping package `ifvtex' (already loaded).
Package: intcalc 2007/09/27 v1.1 Expandable calculations with integers (HO)
Package hobsub Info: Skipping package `ifpdf' (already loaded).
Package: etexcmds 2011/02/16 v1.5 Avoid name clashes with e-TeX commands (HO)
Package etexcmds Info: Could not find \expanded.
(etexcmds)             That can mean that you are not using pdfTeX 1.50 or
(etexcmds)             that some package has redefined \expanded.
(etexcmds)             In the latter case, load this package earlier.
Package: kvsetkeys 2012/04/25 v1.16 Key value parser (HO)
Package: kvdefinekeys 2011/04/07 v1.3 Define keys (HO)
Package: pdftexcmds 2011/11/29 v0.20 Utility functions of pdfTeX for LuaTeX (HO
)
Package pdftexcmds Info: LuaTeX not detected.
Package pdftexcmds Info: \pdf@primitive is available.
Package pdftexcmds Info: \pdf@ifprimitive is available.
Package pdftexcmds Info: \pdfdraftmode found.
Package: pdfescape 2011/11/25 v1.13 Implements pdfTeX's escape features (HO)
Package: bigintcalc 2012/04/08 v1.3 Expandable calculations on big integers (HO
)
Package: bitset 2011/01/30 v1.1 Handle bit-vector datatype (HO)
Package: uniquecounter 2011/01/30 v1.2 Provide unlimited unique counter (HO)
)
Package hobsub Info: Skipping package `hobsub' (already loaded).
Package: letltxmacro 2010/09/02 v1.4 Let assignment for LaTeX macros (HO)
Package: hopatch 2011/06/24 v1.1 Wrapper for package hooks (HO)
Package: xcolor-patch 2011/01/30 xcolor patch
Package: atveryend 2011/06/30 v1.8 Hooks at the very end of document (HO)
Package atveryend Info: \enddocument detected (standard20110627).
Package: atbegshi 2011/10/05 v1.16 At begin shipout hook (HO)
Package: refcount 2011/10/16 v3.4 Data extraction from label references (HO)
Package: hycolor 2011/01/30 v1.7 Color options for hyperref/bookmark (HO)
)
("C:\apps\MiKTeX 2.9\tex\latex\oberdiek\auxhook.sty"
Package: auxhook 2011/03/04 v1.3 Hooks for auxiliary files (HO)
)
("C:\apps\MiKTeX 2.9\tex\latex\oberdiek\kvoptions.sty"
Package: kvoptions 2011/06/30 v3.11 Key value format for package options (HO)
)
\@linkdim=\dimen110
\Hy@linkcounter=\count82
\Hy@pagecounter=\count83

("C:\apps\MiKTeX 2.9\tex\latex\hyperref\pd1enc.def"
File: pd1enc.def 2012/11/06 v6.83m Hyperref: PDFDocEncoding definition (HO)
)
\Hy@SavedSpaceFactor=\count84

("C:\apps\MiKTeX 2.9\tex\latex\00miktex\hyperref.cfg"
File: hyperref.cfg 2002/06/06 v1.2 hyperref configuration of TeXLive
)
Package hyperref Info: Hyper figures OFF on input line 4443.
Package hyperref Info: Link nesting OFF on input line 4448.
Package hyperref Info: Hyper index ON on input line 4451.
Package hyperref Info: Plain pages OFF on input line 4458.
Package hyperref Info: Backreferencing OFF on input line 4463.
Package hyperref Info: Implicit mode ON; LaTeX internals redefined.
Package hyperref Info: Bookmarks ON on input line 4688.
\c@Hy@tempcnt=\count85

("C:\apps\MiKTeX 2.9\tex\latex\url\url.sty"
\Urlmuskip=\muskip10
Package: url 2013/09/16  ver 3.4  Verb mode for urls, etc.
)
LaTeX Info: Redefining \url on input line 5041.
\XeTeXLinkMargin=\dimen111
\Fld@menulength=\count86
\Field@Width=\dimen112
\Fld@charsize=\dimen113
Package hyperref Info: Hyper figures OFF on input line 6295.
Package hyperref Info: Link nesting OFF on input line 6300.
Package hyperref Info: Hyper index ON on input line 6303.
Package hyperref Info: backreferencing OFF on input line 6310.
Package hyperref Info: Link coloring OFF on input line 6315.
Package hyperref Info: Link coloring with OCG OFF on input line 6320.
Package hyperref Info: PDF/A mode OFF on input line 6325.
LaTeX Info: Redefining \ref on input line 6365.
LaTeX Info: Redefining \pageref on input line 6369.


Package hyperref Warning: Option `pdfpagelabels' is turned off
(hyperref)                because \thepage is undefined.

\c@Item=\count87
\c@Hfootnote=\count88
)

Package hyperref Message: Driver (autodetected): hpdftex.

("C:\apps\MiKTeX 2.9\tex\latex\hyperref\hpdftex.def"
File: hpdftex.def 2012/11/06 v6.83m Hyperref driver for pdfTeX
\Fld@listcount=\count89
\c@bookmark@seq@number=\count90

("C:\apps\MiKTeX 2.9\tex\latex\oberdiek\rerunfilecheck.sty"
Package: rerunfilecheck 2011/04/15 v1.7 Rerun checks for auxiliary files (HO)
Package uniquecounter Info: New unique counter `rerunfilecheck' on input line 2
82.
)
\Hy@SectionHShift=\skip41
)
Package hyperref Info: Option `colorlinks' set `true' on input line 123.
\math@groups=\toks16
LaTeX Font Info:    Overwriting symbol font `symbols' in version `bold'
(Font)                  OMS/cmsy/b/n --> OMS/cmsy/b/n on input line 276.
\symbmisymbols=\mathgroup4
\SFB@measure=\dimen114
\realparindent=\skip42
\c@part=\count91
\c@section=\count92
\c@subsection=\count93
\c@subsubsection=\count94
\c@paragraph=\count95
\c@subparagraph=\count96
\@indentskip=\skip43
\smallindent=\skip44
\@footindent=\skip45
\@leftskip=\skip46

("C:\apps\MiKTeX 2.9\tex\latex\natbib\natbib.sty"
Package: natbib 2010/09/13 8.31b (PWD, AO)
\bibhang=\skip47
\bibsep=\skip48
LaTeX Info: Redefining \cite on input line 694.
\c@NAT@ctr=\count97
)
\c@table=\count98
\c@figure=\count99
)
("C:\apps\MiKTeX 2.9\tex\latex\newtx\newtxtext.sty"
Package: newtxtext 2016/03/27 v1.466

`newtxtext' v1.466, 2016/03/27 Text macros taking advantage of TeX-Gyre Termes 
fonts (msharpe) ("C:\apps\MiKTeX 2.9\tex\latex\fontaxes\fontaxes.sty"
Package: fontaxes 2014/03/23 v1.0d Font selection axes
LaTeX Info: Redefining \upshape on input line 29.
LaTeX Info: Redefining \itshape on input line 31.
LaTeX Info: Redefining \slshape on input line 33.
LaTeX Info: Redefining \scshape on input line 37.
)
\ntx@fs=\dimen115

("C:\apps\MiKTeX 2.9\tex\latex\xkeyval\xkeyval.sty"
Package: xkeyval 2014/12/03 v2.7a package option processing (HA)

("C:\apps\MiKTeX 2.9\tex\generic\xkeyval\xkeyval.tex"
("C:\apps\MiKTeX 2.9\tex\generic\xkeyval\xkvutils.tex"
\XKV@toks=\toks17
\XKV@tempa@toks=\toks18
)
\XKV@depth=\count100
File: xkeyval.tex 2014/12/03 v2.7a key=value parser (HA)
))
("C:\apps\MiKTeX 2.9\tex\latex\etoolbox\etoolbox.sty"
Package: etoolbox 2015/08/02 v2.2a e-TeX tools for LaTeX (JAW)
\etb@tempcnta=\count101
)
("C:\apps\MiKTeX 2.9\tex\latex\base\fontenc.sty"
Package: fontenc 2005/09/27 v1.99g Standard LaTeX package

("C:\apps\MiKTeX 2.9\tex\latex\base\t1enc.def"
File: t1enc.def 2005/09/27 v1.99g Standard LaTeX file
LaTeX Font Info:    Redeclaring font encoding T1 on input line 48.
))
("C:\apps\MiKTeX 2.9\tex\latex\base\textcomp.sty"
Package: textcomp 2005/09/27 v1.99g Standard LaTeX package
Package textcomp Info: Sub-encoding information:
(textcomp)               5 = only ISO-Adobe without \textcurrency
(textcomp)               4 = 5 + \texteuro
(textcomp)               3 = 4 + \textohm
(textcomp)               2 = 3 + \textestimated + \textcurrency
(textcomp)               1 = TS1 - \textcircled - \t
(textcomp)               0 = TS1 (full)
(textcomp)             Font families with sub-encoding setting implement
(textcomp)             only a restricted character set as indicated.
(textcomp)             Family '?' is the default used for unknown fonts.
(textcomp)             See the documentation for details.
Package textcomp Info: Setting ? sub-encoding to TS1/1 on input line 79.
Package textcomp Info: Changing ? sub-encoding to TS1/0 on input line 80.

("C:\apps\MiKTeX 2.9\tex\latex\base\ts1enc.def"
File: ts1enc.def 2001/06/05 v3.0e (jk/car/fm) Standard LaTeX file
)
LaTeX Info: Redefining \oldstylenums on input line 334.
Package textcomp Info: Setting cmr sub-encoding to TS1/0 on input line 349.
Package textcomp Info: Setting cmss sub-encoding to TS1/0 on input line 350.
Package textcomp Info: Setting cmtt sub-encoding to TS1/0 on input line 351.
Package textcomp Info: Setting cmvtt sub-encoding to TS1/0 on input line 352.
Package textcomp Info: Setting cmbr sub-encoding to TS1/0 on input line 353.
Package textcomp Info: Setting cmtl sub-encoding to TS1/0 on input line 354.
Package textcomp Info: Setting ccr sub-encoding to TS1/0 on input line 355.
Package textcomp Info: Setting ptm sub-encoding to TS1/4 on input line 356.
Package textcomp Info: Setting pcr sub-encoding to TS1/4 on input line 357.
Package textcomp Info: Setting phv sub-encoding to TS1/4 on input line 358.
Package textcomp Info: Setting ppl sub-encoding to TS1/3 on input line 359.
Package textcomp Info: Setting pag sub-encoding to TS1/4 on input line 360.
Package textcomp Info: Setting pbk sub-encoding to TS1/4 on input line 361.
Package textcomp Info: Setting pnc sub-encoding to TS1/4 on input line 362.
Package textcomp Info: Setting pzc sub-encoding to TS1/4 on input line 363.
Package textcomp Info: Setting bch sub-encoding to TS1/4 on input line 364.
Package textcomp Info: Setting put sub-encoding to TS1/5 on input line 365.
Package textcomp Info: Setting uag sub-encoding to TS1/5 on input line 366.
Package textcomp Info: Setting ugq sub-encoding to TS1/5 on input line 367.
Package textcomp Info: Setting ul8 sub-encoding to TS1/4 on input line 368.
Package textcomp Info: Setting ul9 sub-encoding to TS1/4 on input line 369.
Package textcomp Info: Setting augie sub-encoding to TS1/5 on input line 370.
Package textcomp Info: Setting dayrom sub-encoding to TS1/3 on input line 371.
Package textcomp Info: Setting dayroms sub-encoding to TS1/3 on input line 372.

Package textcomp Info: Setting pxr sub-encoding to TS1/0 on input line 373.
Package textcomp Info: Setting pxss sub-encoding to TS1/0 on input line 374.
Package textcomp Info: Setting pxtt sub-encoding to TS1/0 on input line 375.
Package textcomp Info: Setting txr sub-encoding to TS1/0 on input line 376.
Package textcomp Info: Setting txss sub-encoding to TS1/0 on input line 377.
Package textcomp Info: Setting txtt sub-encoding to TS1/0 on input line 378.
Package textcomp Info: Setting lmr sub-encoding to TS1/0 on input line 379.
Package textcomp Info: Setting lmdh sub-encoding to TS1/0 on input line 380.
Package textcomp Info: Setting lmss sub-encoding to TS1/0 on input line 381.
Package textcomp Info: Setting lmssq sub-encoding to TS1/0 on input line 382.
Package textcomp Info: Setting lmvtt sub-encoding to TS1/0 on input line 383.
Package textcomp Info: Setting lmtt sub-encoding to TS1/0 on input line 384.
Package textcomp Info: Setting qhv sub-encoding to TS1/0 on input line 385.
Package textcomp Info: Setting qag sub-encoding to TS1/0 on input line 386.
Package textcomp Info: Setting qbk sub-encoding to TS1/0 on input line 387.
Package textcomp Info: Setting qcr sub-encoding to TS1/0 on input line 388.
Package textcomp Info: Setting qcs sub-encoding to TS1/0 on input line 389.
Package textcomp Info: Setting qpl sub-encoding to TS1/0 on input line 390.
Package textcomp Info: Setting qtm sub-encoding to TS1/0 on input line 391.
Package textcomp Info: Setting qzc sub-encoding to TS1/0 on input line 392.
Package textcomp Info: Setting qhvc sub-encoding to TS1/0 on input line 393.
Package textcomp Info: Setting futs sub-encoding to TS1/4 on input line 394.
Package textcomp Info: Setting futx sub-encoding to TS1/4 on input line 395.
Package textcomp Info: Setting futj sub-encoding to TS1/4 on input line 396.
Package textcomp Info: Setting hlh sub-encoding to TS1/3 on input line 397.
Package textcomp Info: Setting hls sub-encoding to TS1/3 on input line 398.
Package textcomp Info: Setting hlst sub-encoding to TS1/3 on input line 399.
Package textcomp Info: Setting hlct sub-encoding to TS1/5 on input line 400.
Package textcomp Info: Setting hlx sub-encoding to TS1/5 on input line 401.
Package textcomp Info: Setting hlce sub-encoding to TS1/5 on input line 402.
Package textcomp Info: Setting hlcn sub-encoding to TS1/5 on input line 403.
Package textcomp Info: Setting hlcw sub-encoding to TS1/5 on input line 404.
Package textcomp Info: Setting hlcf sub-encoding to TS1/5 on input line 405.
Package textcomp Info: Setting pplx sub-encoding to TS1/3 on input line 406.
Package textcomp Info: Setting pplj sub-encoding to TS1/3 on input line 407.
Package textcomp Info: Setting ptmx sub-encoding to TS1/4 on input line 408.
Package textcomp Info: Setting ptmj sub-encoding to TS1/4 on input line 409.
) 
Babel
LaTeX Font Info:    Try loading font information for T1+ntxtlf on input line 25
0.
("C:\apps\MiKTeX 2.9\tex\latex\newtx\t1ntxtlf.fd"
File: t1ntxtlf.fd 2015/01/17 v1.0 font definition file for T1/ntx/tlf
)
LaTeX Font Info:    Font shape `T1/ntxtlf/m/n' will be
(Font)              scaled to size 9.0pt on input line 250.
)
("C:\apps\MiKTeX 2.9\tex\latex\newtx\newtxmath.sty"
Package: newtxmath 2016/03/27 v1.466

`newtxmath' v1.466, 2016/03/27 Math macros based on txfonts (msharpe)
("C:\apps\MiKTeX 2.9\tex\latex\amsmath\amsmath.sty"
Package: amsmath 2016/03/10 v2.15b AMS math features
\@mathmargin=\skip49

For additional information on amsmath, use the `?' option.
("C:\apps\MiKTeX 2.9\tex\latex\amsmath\amstext.sty"
Package: amstext 2000/06/29 v2.01 AMS text

("C:\apps\MiKTeX 2.9\tex\latex\amsmath\amsgen.sty"
File: amsgen.sty 1999/11/30 v2.0 generic functions
\@emptytoks=\toks19
\ex@=\dimen116
))
("C:\apps\MiKTeX 2.9\tex\latex\amsmath\amsbsy.sty"
Package: amsbsy 1999/11/29 v1.2d Bold Symbols
\pmbraise@=\dimen117
)
("C:\apps\MiKTeX 2.9\tex\latex\amsmath\amsopn.sty"
Package: amsopn 2016/03/08 v2.02 operator names
)
\inf@bad=\count102
LaTeX Info: Redefining \frac on input line 199.
\uproot@=\count103
\leftroot@=\count104
LaTeX Info: Redefining \overline on input line 297.
\classnum@=\count105
\DOTSCASE@=\count106
LaTeX Info: Redefining \ldots on input line 394.
LaTeX Info: Redefining \dots on input line 397.
LaTeX Info: Redefining \cdots on input line 518.
\Mathstrutbox@=\box26
\strutbox@=\box27
\big@size=\dimen118
LaTeX Font Info:    Redeclaring font encoding OML on input line 634.
LaTeX Font Info:    Redeclaring font encoding OMS on input line 635.
\macc@depth=\count107
\c@MaxMatrixCols=\count108
\dotsspace@=\muskip11
\c@parentequation=\count109
\dspbrk@lvl=\count110
\tag@help=\toks20
\row@=\count111
\column@=\count112
\maxfields@=\count113
\andhelp@=\toks21
\eqnshift@=\dimen119
\alignsep@=\dimen120
\tagshift@=\dimen121
\tagwidth@=\dimen122
\totwidth@=\dimen123
\lineht@=\dimen124
\@envbody=\toks22
\multlinegap=\skip50
\multlinetaggap=\skip51
\mathdisplay@stack=\toks23
LaTeX Info: Redefining \[ on input line 2739.
LaTeX Info: Redefining \] on input line 2740.
)
("C:\apps\MiKTeX 2.9\tex\generic\binhex\binhex.tex")
\tx@Isdigit=\count114
LaTeX Font Info:    Redeclaring symbol font `operators' on input line 137.
LaTeX Font Info:    Overwriting symbol font `operators' in version `normal'
(Font)                  OT1/cmr/m/n --> OT1/ntxtlf/m/n on input line 137.
LaTeX Font Info:    Overwriting symbol font `operators' in version `bold'
(Font)                  OT1/cmr/bx/n --> OT1/ntxtlf/m/n on input line 137.
LaTeX Font Info:    Overwriting symbol font `operators' in version `bold'
(Font)                  OT1/ntxtlf/m/n --> OT1/ntxtlf/b/n on input line 138.
LaTeX Font Info:    Redeclaring math alphabet \mathsf on input line 144.
LaTeX Font Info:    Overwriting math alphabet `\mathsf' in version `normal'
(Font)                  OT1/cmss/m/n --> T1/qhv/m/n on input line 144.
LaTeX Font Info:    Overwriting math alphabet `\mathsf' in version `bold'
(Font)                  OT1/cmss/bx/n --> T1/qhv/m/n on input line 144.
LaTeX Font Info:    Redeclaring math alphabet \mathit on input line 145.
LaTeX Font Info:    Overwriting math alphabet `\mathit' in version `normal'
(Font)                  OT1/cmr/m/it --> OT1/ntxtlf/m/it on input line 145.
LaTeX Font Info:    Overwriting math alphabet `\mathit' in version `bold'
(Font)                  OT1/cmr/bx/it --> OT1/ntxtlf/m/it on input line 145.
LaTeX Font Info:    Redeclaring math alphabet \mathtt on input line 146.
LaTeX Font Info:    Overwriting math alphabet `\mathtt' in version `normal'
(Font)                  OT1/cmtt/m/n --> T1/ntxtt/m/n on input line 146.
LaTeX Font Info:    Overwriting math alphabet `\mathtt' in version `bold'
(Font)                  OT1/cmtt/m/n --> T1/ntxtt/m/n on input line 146.
LaTeX Font Info:    Redeclaring math alphabet \mathbf on input line 148.
LaTeX Font Info:    Overwriting math alphabet `\mathbf' in version `normal'
(Font)                  OT1/cmr/bx/n --> OT1/ntxtlf/b/n on input line 148.
LaTeX Font Info:    Overwriting math alphabet `\mathbf' in version `bold'
(Font)                  OT1/cmr/bx/n --> OT1/ntxtlf/b/n on input line 148.
LaTeX Font Info:    Overwriting math alphabet `\mathit' in version `bold'
(Font)                  OT1/ntxtlf/m/it --> OT1/ntxtlf/b/it on input line 149.
LaTeX Font Info:    Overwriting math alphabet `\mathsf' in version `bold'
(Font)                  T1/qhv/m/n --> T1/qhv/b/n on input line 150.
LaTeX Font Info:    Overwriting math alphabet `\mathtt' in version `bold'
(Font)                  T1/ntxtt/m/n --> T1/ntxtt/b/n on input line 151.
LaTeX Font Info:    Redeclaring symbol font `letters' on input line 197.
LaTeX Font Info:    Overwriting symbol font `letters' in version `normal'
(Font)                  OML/cmm/m/it --> OML/ntxmi/m/it on input line 197.
LaTeX Font Info:    Overwriting symbol font `letters' in version `bold'
(Font)                  OML/cmm/b/it --> OML/ntxmi/m/it on input line 197.
LaTeX Font Info:    Overwriting symbol font `letters' in version `bold'
(Font)                  OML/ntxmi/m/it --> OML/ntxmi/b/it on input line 198.
\symlettersA=\mathgroup5
LaTeX Font Info:    Overwriting symbol font `lettersA' in version `bold'
(Font)                  U/ntxmia/m/it --> U/ntxmia/b/it on input line 213.
LaTeX Font Info:    Redeclaring symbol font `symbols' on input line 221.
LaTeX Font Info:    Overwriting symbol font `symbols' in version `normal'
(Font)                  OMS/cmsy/m/n --> OMS/ntxsy/m/n on input line 221.
LaTeX Font Info:    Overwriting symbol font `symbols' in version `bold'
(Font)                  OMS/cmsy/b/n --> OMS/ntxsy/m/n on input line 221.
LaTeX Font Info:    Overwriting symbol font `symbols' in version `bold'
(Font)                  OMS/ntxsy/m/n --> OMS/ntxsy/b/n on input line 222.
\symAMSm=\mathgroup6
LaTeX Font Info:    Overwriting symbol font `AMSm' in version `bold'
(Font)                  U/ntxsym/m/n --> U/ntxsym/b/n on input line 242.
\symsymbolsC=\mathgroup7
LaTeX Font Info:    Overwriting symbol font `symbolsC' in version `bold'
(Font)                  U/ntxsyc/m/n --> U/ntxsyc/b/n on input line 263.
LaTeX Font Info:    Redeclaring symbol font `largesymbols' on input line 276.
LaTeX Font Info:    Encoding `OMX' has changed to `LMX' for symbol font
(Font)              `largesymbols' in the math version `normal' on input line 2
76.
LaTeX Font Info:    Overwriting symbol font `largesymbols' in version `normal'
(Font)                  OMX/cmex/m/n --> LMX/ntxexx/m/n on input line 276.
LaTeX Font Info:    Encoding `OMX' has changed to `LMX' for symbol font
(Font)              `largesymbols' in the math version `bold' on input line 276
.
LaTeX Font Info:    Overwriting symbol font `largesymbols' in version `bold'
(Font)                  OMX/cmex/m/n --> LMX/ntxexx/m/n on input line 276.
LaTeX Font Info:    Overwriting symbol font `largesymbols' in version `bold'
(Font)                  LMX/ntxexx/m/n --> LMX/ntxexx/b/n on input line 277.
\symlargesymbolsTXA=\mathgroup8
LaTeX Font Info:    Overwriting symbol font `largesymbolsTXA' in version `bold'

(Font)                  U/ntxexa/m/n --> U/ntxexa/b/n on input line 291.
LaTeX Info: Redefining \not on input line 1749.
)
("C:\apps\MiKTeX 2.9\tex\latex\base\fontenc.sty"
Package: fontenc 2005/09/27 v1.99g Standard LaTeX package

("C:\apps\MiKTeX 2.9\tex\latex\base\t1enc.def"
File: t1enc.def 2005/09/27 v1.99g Standard LaTeX file
LaTeX Font Info:    Redeclaring font encoding T1 on input line 48.
))
("C:\apps\MiKTeX 2.9\tex\latex\ae\ae.sty"
Package: ae 2001/02/12 1.3 Almost European Computer Modern

("C:\apps\MiKTeX 2.9\tex\latex\base\fontenc.sty"
Package: fontenc 2005/09/27 v1.99g Standard LaTeX package

("C:\apps\MiKTeX 2.9\tex\latex\base\t1enc.def"
File: t1enc.def 2005/09/27 v1.99g Standard LaTeX file
LaTeX Font Info:    Redeclaring font encoding T1 on input line 48.
)
LaTeX Font Info:    Try loading font information for T1+aer on input line 105.

("C:\apps\MiKTeX 2.9\tex\latex\ae\t1aer.fd"
File: t1aer.fd 1997/11/16 Font definitions for T1/aer.
)))
("C:\apps\MiKTeX 2.9\tex\latex\ae\aecompl.sty"
Package: aecompl 1998/07/23 0.9 T1 Complements for AE fonts (D. Roegel)
)
("C:\apps\MiKTeX 2.9\tex\latex\graphics\graphicx.sty"
Package: graphicx 2014/10/28 v1.0g Enhanced LaTeX Graphics (DPC,SPQR)

("C:\apps\MiKTeX 2.9\tex\latex\graphics\graphics.sty"
Package: graphics 2016/01/03 v1.0q Standard LaTeX Graphics (DPC,SPQR)

("C:\apps\MiKTeX 2.9\tex\latex\graphics\trig.sty"
Package: trig 2016/01/03 v1.10 sin cos tan (DPC)
)
("C:\apps\MiKTeX 2.9\tex\latex\00miktex\graphics.cfg"
File: graphics.cfg 2016/01/02 v1.10 sample graphics configuration
)
Package graphics Info: Driver file: pdftex.def on input line 95.

("C:\apps\MiKTeX 2.9\tex\latex\pdftex-def\pdftex.def"
File: pdftex.def 2011/05/27 v0.06d Graphics/color for pdfTeX
\Gread@gobject=\count115
))
\Gin@req@height=\dimen125
\Gin@req@width=\dimen126
)
("C:\apps\MiKTeX 2.9\tex\latex\amsfonts\amssymb.sty"
Package: amssymb 2013/01/14 v3.01 AMS font symbols

("C:\apps\MiKTeX 2.9\tex\latex\amsfonts\amsfonts.sty"
Package: amsfonts 2013/01/14 v3.01 Basic AMSFonts support
\symAMSa=\mathgroup9
\symAMSb=\mathgroup10
LaTeX Font Info:    Redeclaring math delimiter \ulcorner on input line 74.
LaTeX Font Info:    Redeclaring math delimiter \urcorner on input line 75.
LaTeX Font Info:    Redeclaring math delimiter \llcorner on input line 76.
LaTeX Font Info:    Redeclaring math delimiter \lrcorner on input line 77.
LaTeX Font Info:    Redeclaring math symbol \square on input line 141.
LaTeX Font Info:    Redeclaring math symbol \lozenge on input line 142.
)
LaTeX Font Info:    Redeclaring math symbol \boxdot on input line 44.
LaTeX Font Info:    Redeclaring math symbol \boxplus on input line 45.
LaTeX Font Info:    Redeclaring math symbol \boxtimes on input line 46.
LaTeX Font Info:    Redeclaring math symbol \blacksquare on input line 48.
LaTeX Font Info:    Redeclaring math symbol \centerdot on input line 49.
LaTeX Font Info:    Redeclaring math symbol \blacklozenge on input line 51.
LaTeX Font Info:    Redeclaring math symbol \circlearrowright on input line 52.

LaTeX Font Info:    Redeclaring math symbol \circlearrowleft on input line 53.
LaTeX Font Info:    Redeclaring math symbol \leftrightharpoons on input line 56
.
LaTeX Font Info:    Redeclaring math symbol \boxminus on input line 57.
LaTeX Font Info:    Redeclaring math symbol \Vdash on input line 58.
LaTeX Font Info:    Redeclaring math symbol \Vvdash on input line 59.
LaTeX Font Info:    Redeclaring math symbol \vDash on input line 60.
LaTeX Font Info:    Redeclaring math symbol \twoheadrightarrow on input line 61
.
LaTeX Font Info:    Redeclaring math symbol \twoheadleftarrow on input line 62.

LaTeX Font Info:    Redeclaring math symbol \leftleftarrows on input line 63.
LaTeX Font Info:    Redeclaring math symbol \rightrightarrows on input line 64.

LaTeX Font Info:    Redeclaring math symbol \upuparrows on input line 65.
LaTeX Font Info:    Redeclaring math symbol \downdownarrows on input line 66.
LaTeX Font Info:    Redeclaring math symbol \upharpoonright on input line 67.
LaTeX Font Info:    Redeclaring math symbol \downharpoonright on input line 69.

LaTeX Font Info:    Redeclaring math symbol \upharpoonleft on input line 70.
LaTeX Font Info:    Redeclaring math symbol \downharpoonleft on input line 71.
LaTeX Font Info:    Redeclaring math symbol \rightarrowtail on input line 72.
LaTeX Font Info:    Redeclaring math symbol \leftarrowtail on input line 73.
LaTeX Font Info:    Redeclaring math symbol \leftrightarrows on input line 74.
LaTeX Font Info:    Redeclaring math symbol \rightleftarrows on input line 75.
LaTeX Font Info:    Redeclaring math symbol \Lsh on input line 76.
LaTeX Font Info:    Redeclaring math symbol \Rsh on input line 77.
LaTeX Font Info:    Redeclaring math symbol \leftrightsquigarrow on input line 
79.
LaTeX Font Info:    Redeclaring math symbol \looparrowleft on input line 80.
LaTeX Font Info:    Redeclaring math symbol \looparrowright on input line 81.
LaTeX Font Info:    Redeclaring math symbol \circeq on input line 82.
LaTeX Font Info:    Redeclaring math symbol \succsim on input line 83.
LaTeX Font Info:    Redeclaring math symbol \gtrsim on input line 84.
LaTeX Font Info:    Redeclaring math symbol \gtrapprox on input line 85.
LaTeX Font Info:    Redeclaring math symbol \multimap on input line 86.
LaTeX Font Info:    Redeclaring math symbol \therefore on input line 87.
LaTeX Font Info:    Redeclaring math symbol \because on input line 88.
LaTeX Font Info:    Redeclaring math symbol \doteqdot on input line 89.
LaTeX Font Info:    Redeclaring math symbol \triangleq on input line 91.
LaTeX Font Info:    Redeclaring math symbol \precsim on input line 92.
LaTeX Font Info:    Redeclaring math symbol \lesssim on input line 93.
LaTeX Font Info:    Redeclaring math symbol \lessapprox on input line 94.
LaTeX Font Info:    Redeclaring math symbol \eqslantless on input line 95.
LaTeX Font Info:    Redeclaring math symbol \eqslantgtr on input line 96.
LaTeX Font Info:    Redeclaring math symbol \curlyeqprec on input line 97.
LaTeX Font Info:    Redeclaring math symbol \curlyeqsucc on input line 98.
LaTeX Font Info:    Redeclaring math symbol \preccurlyeq on input line 99.
LaTeX Font Info:    Redeclaring math symbol \leqq on input line 100.
LaTeX Font Info:    Redeclaring math symbol \leqslant on input line 101.
LaTeX Font Info:    Redeclaring math symbol \lessgtr on input line 102.
LaTeX Font Info:    Redeclaring math symbol \backprime on input line 103.
LaTeX Font Info:    Redeclaring math symbol \risingdotseq on input line 104.
LaTeX Font Info:    Redeclaring math symbol \fallingdotseq on input line 105.
LaTeX Font Info:    Redeclaring math symbol \succcurlyeq on input line 106.
LaTeX Font Info:    Redeclaring math symbol \geqq on input line 107.
LaTeX Font Info:    Redeclaring math symbol \geqslant on input line 108.
LaTeX Font Info:    Redeclaring math symbol \gtrless on input line 109.
LaTeX Font Info:    Redeclaring math symbol \bigstar on input line 117.
LaTeX Font Info:    Redeclaring math symbol \between on input line 118.
LaTeX Font Info:    Redeclaring math symbol \blacktriangledown on input line 11
9.
LaTeX Font Info:    Redeclaring math symbol \blacktriangleright on input line 1
20.
LaTeX Font Info:    Redeclaring math symbol \blacktriangleleft on input line 12
1.
LaTeX Font Info:    Redeclaring math symbol \vartriangle on input line 122.
LaTeX Font Info:    Redeclaring math symbol \blacktriangle on input line 123.
LaTeX Font Info:    Redeclaring math symbol \triangledown on input line 124.
LaTeX Font Info:    Redeclaring math symbol \eqcirc on input line 125.
LaTeX Font Info:    Redeclaring math symbol \lesseqgtr on input line 126.
LaTeX Font Info:    Redeclaring math symbol \gtreqless on input line 127.
LaTeX Font Info:    Redeclaring math symbol \lesseqqgtr on input line 128.
LaTeX Font Info:    Redeclaring math symbol \gtreqqless on input line 129.
LaTeX Font Info:    Redeclaring math symbol \Rrightarrow on input line 130.
LaTeX Font Info:    Redeclaring math symbol \Lleftarrow on input line 131.
LaTeX Font Info:    Redeclaring math symbol \veebar on input line 132.
LaTeX Font Info:    Redeclaring math symbol \barwedge on input line 133.
LaTeX Font Info:    Redeclaring math symbol \doublebarwedge on input line 134.
LaTeX Font Info:    Redeclaring math symbol \measuredangle on input line 137.
LaTeX Font Info:    Redeclaring math symbol \sphericalangle on input line 138.
LaTeX Font Info:    Redeclaring math symbol \varpropto on input line 139.
LaTeX Font Info:    Redeclaring math symbol \smallsmile on input line 140.
LaTeX Font Info:    Redeclaring math symbol \smallfrown on input line 141.
LaTeX Font Info:    Redeclaring math symbol \Subset on input line 142.
LaTeX Font Info:    Redeclaring math symbol \Supset on input line 143.
LaTeX Font Info:    Redeclaring math symbol \Cup on input line 144.
LaTeX Font Info:    Redeclaring math symbol \Cap on input line 146.
LaTeX Font Info:    Redeclaring math symbol \curlywedge on input line 148.
LaTeX Font Info:    Redeclaring math symbol \curlyvee on input line 149.
LaTeX Font Info:    Redeclaring math symbol \leftthreetimes on input line 150.
LaTeX Font Info:    Redeclaring math symbol \rightthreetimes on input line 151.

LaTeX Font Info:    Redeclaring math symbol \subseteqq on input line 152.
LaTeX Font Info:    Redeclaring math symbol \supseteqq on input line 153.
LaTeX Font Info:    Redeclaring math symbol \bumpeq on input line 154.
LaTeX Font Info:    Redeclaring math symbol \Bumpeq on input line 155.
LaTeX Font Info:    Redeclaring math symbol \lll on input line 156.
LaTeX Font Info:    Redeclaring math symbol \ggg on input line 158.
LaTeX Font Info:    Redeclaring math symbol \circledS on input line 160.
LaTeX Font Info:    Redeclaring math symbol \pitchfork on input line 161.
LaTeX Font Info:    Redeclaring math symbol \dotplus on input line 162.
LaTeX Font Info:    Redeclaring math symbol \backsim on input line 163.
LaTeX Font Info:    Redeclaring math symbol \backsimeq on input line 164.
LaTeX Font Info:    Redeclaring math symbol \complement on input line 165.
LaTeX Font Info:    Redeclaring math symbol \intercal on input line 166.
LaTeX Font Info:    Redeclaring math symbol \circledcirc on input line 167.
LaTeX Font Info:    Redeclaring math symbol \circledast on input line 168.
LaTeX Font Info:    Redeclaring math symbol \circleddash on input line 169.
LaTeX Font Info:    Redeclaring math symbol \lvertneqq on input line 171.
LaTeX Font Info:    Redeclaring math symbol \gvertneqq on input line 172.
LaTeX Font Info:    Redeclaring math symbol \nleq on input line 173.
LaTeX Font Info:    Redeclaring math symbol \ngeq on input line 174.
LaTeX Font Info:    Redeclaring math symbol \nless on input line 175.
LaTeX Font Info:    Redeclaring math symbol \ngtr on input line 176.
LaTeX Font Info:    Redeclaring math symbol \nprec on input line 177.
LaTeX Font Info:    Redeclaring math symbol \nsucc on input line 178.
LaTeX Font Info:    Redeclaring math symbol \lneqq on input line 179.
LaTeX Font Info:    Redeclaring math symbol \gneqq on input line 180.
LaTeX Font Info:    Redeclaring math symbol \nleqslant on input line 181.
LaTeX Font Info:    Redeclaring math symbol \ngeqslant on input line 182.
LaTeX Font Info:    Redeclaring math symbol \lneq on input line 183.
LaTeX Font Info:    Redeclaring math symbol \gneq on input line 184.
LaTeX Font Info:    Redeclaring math symbol \npreceq on input line 185.
LaTeX Font Info:    Redeclaring math symbol \nsucceq on input line 186.
LaTeX Font Info:    Redeclaring math symbol \precnsim on input line 187.
LaTeX Font Info:    Redeclaring math symbol \succnsim on input line 188.
LaTeX Font Info:    Redeclaring math symbol \lnsim on input line 189.
LaTeX Font Info:    Redeclaring math symbol \gnsim on input line 190.
LaTeX Font Info:    Redeclaring math symbol \nleqq on input line 191.
LaTeX Font Info:    Redeclaring math symbol \ngeqq on input line 192.
LaTeX Font Info:    Redeclaring math symbol \precneqq on input line 193.
LaTeX Font Info:    Redeclaring math symbol \succneqq on input line 194.
LaTeX Font Info:    Redeclaring math symbol \precnapprox on input line 195.
LaTeX Font Info:    Redeclaring math symbol \succnapprox on input line 196.
LaTeX Font Info:    Redeclaring math symbol \lnapprox on input line 197.
LaTeX Font Info:    Redeclaring math symbol \gnapprox on input line 198.
LaTeX Font Info:    Redeclaring math symbol \nsim on input line 199.
LaTeX Font Info:    Redeclaring math symbol \ncong on input line 200.
LaTeX Font Info:    Redeclaring math symbol \diagup on input line 201.
LaTeX Font Info:    Redeclaring math symbol \diagdown on input line 202.
LaTeX Font Info:    Redeclaring math symbol \varsubsetneq on input line 203.
LaTeX Font Info:    Redeclaring math symbol \varsupsetneq on input line 204.
LaTeX Font Info:    Redeclaring math symbol \nsubseteqq on input line 205.
LaTeX Font Info:    Redeclaring math symbol \nsupseteqq on input line 206.
LaTeX Font Info:    Redeclaring math symbol \subsetneqq on input line 207.
LaTeX Font Info:    Redeclaring math symbol \supsetneqq on input line 208.
LaTeX Font Info:    Redeclaring math symbol \varsubsetneqq on input line 209.
LaTeX Font Info:    Redeclaring math symbol \varsupsetneqq on input line 210.
LaTeX Font Info:    Redeclaring math symbol \subsetneq on input line 211.
LaTeX Font Info:    Redeclaring math symbol \supsetneq on input line 212.
LaTeX Font Info:    Redeclaring math symbol \nsubseteq on input line 213.
LaTeX Font Info:    Redeclaring math symbol \nsupseteq on input line 214.
LaTeX Font Info:    Redeclaring math symbol \nparallel on input line 215.
LaTeX Font Info:    Redeclaring math symbol \nmid on input line 216.
LaTeX Font Info:    Redeclaring math symbol \nshortmid on input line 217.
LaTeX Font Info:    Redeclaring math symbol \nshortparallel on input line 218.
LaTeX Font Info:    Redeclaring math symbol \nvdash on input line 219.
LaTeX Font Info:    Redeclaring math symbol \nVdash on input line 220.
LaTeX Font Info:    Redeclaring math symbol \nvDash on input line 221.
LaTeX Font Info:    Redeclaring math symbol \nVDash on input line 222.
LaTeX Font Info:    Redeclaring math symbol \ntrianglerighteq on input line 223
.
LaTeX Font Info:    Redeclaring math symbol \ntrianglelefteq on input line 224.

LaTeX Font Info:    Redeclaring math symbol \ntriangleleft on input line 225.
LaTeX Font Info:    Redeclaring math symbol \ntriangleright on input line 226.
LaTeX Font Info:    Redeclaring math symbol \nleftarrow on input line 227.
LaTeX Font Info:    Redeclaring math symbol \nrightarrow on input line 228.
LaTeX Font Info:    Redeclaring math symbol \nLeftarrow on input line 229.
LaTeX Font Info:    Redeclaring math symbol \nRightarrow on input line 230.
LaTeX Font Info:    Redeclaring math symbol \nLeftrightarrow on input line 231.

LaTeX Font Info:    Redeclaring math symbol \nleftrightarrow on input line 232.

LaTeX Font Info:    Redeclaring math symbol \divideontimes on input line 233.
LaTeX Font Info:    Redeclaring math symbol \varnothing on input line 234.
LaTeX Font Info:    Redeclaring math symbol \nexists on input line 235.
LaTeX Font Info:    Redeclaring math symbol \Finv on input line 236.
LaTeX Font Info:    Redeclaring math symbol \Game on input line 237.
LaTeX Font Info:    Redeclaring math symbol \eth on input line 240.
LaTeX Font Info:    Redeclaring math symbol \eqsim on input line 241.
LaTeX Font Info:    Redeclaring math symbol \beth on input line 242.
LaTeX Font Info:    Redeclaring math symbol \gimel on input line 243.
LaTeX Font Info:    Redeclaring math symbol \daleth on input line 244.
LaTeX Font Info:    Redeclaring math symbol \lessdot on input line 245.
LaTeX Font Info:    Redeclaring math symbol \gtrdot on input line 246.
LaTeX Font Info:    Redeclaring math symbol \ltimes on input line 247.
LaTeX Font Info:    Redeclaring math symbol \rtimes on input line 248.
LaTeX Font Info:    Redeclaring math symbol \shortmid on input line 249.
LaTeX Font Info:    Redeclaring math symbol \shortparallel on input line 250.
LaTeX Font Info:    Redeclaring math symbol \smallsetminus on input line 251.
LaTeX Font Info:    Redeclaring math symbol \thicksim on input line 252.
LaTeX Font Info:    Redeclaring math symbol \thickapprox on input line 253.
LaTeX Font Info:    Redeclaring math symbol \approxeq on input line 254.
LaTeX Font Info:    Redeclaring math symbol \succapprox on input line 255.
LaTeX Font Info:    Redeclaring math symbol \precapprox on input line 256.
LaTeX Font Info:    Redeclaring math symbol \curvearrowleft on input line 257.
LaTeX Font Info:    Redeclaring math symbol \curvearrowright on input line 258.

LaTeX Font Info:    Redeclaring math symbol \digamma on input line 259.
LaTeX Font Info:    Redeclaring math symbol \varkappa on input line 260.
LaTeX Font Info:    Redeclaring math symbol \Bbbk on input line 261.
LaTeX Font Info:    Redeclaring math symbol \hslash on input line 262.
LaTeX Font Info:    Redeclaring math symbol \backepsilon on input line 265.
)
("C:\apps\MiKTeX 2.9\tex\latex\multirow\multirow.sty"
\bigstrutjot=\dimen127
)
("C:\apps\MiKTeX 2.9\tex\latex\lineno\lineno.sty"
Package: lineno 2005/11/02 line numbers on paragraphs v4.41
\linenopenalty=\count116
\output=\toks24
\linenoprevgraf=\count117
\linenumbersep=\dimen128
\linenumberwidth=\dimen129
\c@linenumber=\count118
\c@pagewiselinenumber=\count119
\c@LN@truepage=\count120
\c@internallinenumber=\count121
\c@internallinenumbers=\count122
\quotelinenumbersep=\dimen130
\bframerule=\dimen131
\bframesep=\dimen132
\bframebox=\box28
LaTeX Info: Redefining \\ on input line 3056.
) (main.aux)
\openout1 = `main.aux'.

LaTeX Font Info:    Checking defaults for OML/ntxmi/m/it on input line 90.
LaTeX Font Info:    Try loading font information for OML+ntxmi on input line 90
.

("C:\apps\MiKTeX 2.9\tex\latex\newtx\omlntxmi.fd"
File: omlntxmi.fd 2015/08/25 Fontinst v1.933 font definitions for OML/ntxmi.
)
LaTeX Font Info:    ... okay on input line 90.
LaTeX Font Info:    Checking defaults for T1/cmr/m/n on input line 90.
LaTeX Font Info:    ... okay on input line 90.
LaTeX Font Info:    Checking defaults for OT1/cmr/m/n on input line 90.
LaTeX Font Info:    ... okay on input line 90.
LaTeX Font Info:    Checking defaults for OMS/ntxsy/m/n on input line 90.
LaTeX Font Info:    Try loading font information for OMS+ntxsy on input line 90
.

("C:\apps\MiKTeX 2.9\tex\latex\newtx\omsntxsy.fd"
File: omsntxsy.fd 2012/11/14 Fontinst v1.933 font definitions for OMS/ntxsy.
)
LaTeX Font Info:    ... okay on input line 90.
LaTeX Font Info:    Checking defaults for OMX/cmex/m/n on input line 90.
LaTeX Font Info:    ... okay on input line 90.
LaTeX Font Info:    Checking defaults for U/ntxexa/m/n on input line 90.
LaTeX Font Info:    Try loading font information for U+ntxexa on input line 90.


("C:\apps\MiKTeX 2.9\tex\latex\newtx\untxexa.fd"
File: untxexa.fd 2012/04/16 Fontinst v1.933 font definitions for U/ntxexa.
)
LaTeX Font Info:    ... okay on input line 90.
LaTeX Font Info:    Checking defaults for PD1/pdf/m/n on input line 90.
LaTeX Font Info:    ... okay on input line 90.
LaTeX Font Info:    Checking defaults for TS1/cmr/m/n on input line 90.
LaTeX Font Info:    Try loading font information for TS1+cmr on input line 90.

("C:\apps\MiKTeX 2.9\tex\latex\base\ts1cmr.fd"
File: ts1cmr.fd 2014/09/29 v2.5h Standard LaTeX font definitions
)
LaTeX Font Info:    ... okay on input line 90.
LaTeX Font Info:    Checking defaults for LMX/ntxexx/m/n on input line 90.
LaTeX Font Info:    ... okay on input line 90.

*geometry* driver: auto-detecting
*geometry* detected driver: pdftex
*geometry* verbose mode - [ preamble ] result:
* driver: pdftex
* paper: a4paper
* layout: <same size as paper>
* layoutoffset:(h,v)=(0.0pt,0.0pt)
* modes: twoside 
* h-part:(L,W,R)=(71.70166pt, 418.25368pt, 107.55254pt)
* v-part:(T,H,B)=(101.40665pt, 591.5302pt, 152.11pt)
* \paperwidth=597.50787pt
* \paperheight=845.04684pt
* \textwidth=504.0pt
* \textheight=682.0pt
* \oddsidemargin=-30.0pt
* \evensidemargin=-30.0pt
* \topmargin=0.0pt
* \headheight=14.0pt
* \headsep=15.0pt
* \topskip=9.0pt
* \footskip=22.0pt
* \marginparwidth=48.0pt
* \marginparsep=6.0pt
* \columnsep=24.0pt
* \skip\footins=19.5pt plus 12.0pt minus 1.0pt
* \hoffset=0.0pt
* \voffset=0.0pt
* \mag=1000
* \@twocolumntrue
* \@twosidetrue
* \@mparswitchtrue
* \@reversemarginfalse
* (1in=72.27pt=25.4mm, 1cm=28.453pt)

\AtBeginShipoutBox=\box29
("C:\apps\MiKTeX 2.9\tex\latex\graphics\color.sty"
Package: color 2016/01/03 v1.1b Standard LaTeX Color (DPC)

("C:\apps\MiKTeX 2.9\tex\latex\00miktex\color.cfg"
File: color.cfg 2016/01/02 v1.6 sample color configuration
)
Package color Info: Driver file: pdftex.def on input line 143.
)
Package hyperref Info: Link coloring ON on input line 90.

("C:\apps\MiKTeX 2.9\tex\latex\hyperref\nameref.sty"
Package: nameref 2012/10/27 v2.43 Cross-referencing by name of section

("C:\apps\MiKTeX 2.9\tex\generic\oberdiek\gettitlestring.sty"
Package: gettitlestring 2010/12/03 v1.4 Cleanup title references (HO)
)
\c@section@level=\count123
)
LaTeX Info: Redefining \ref on input line 90.
LaTeX Info: Redefining \pageref on input line 90.
LaTeX Info: Redefining \nameref on input line 90.
 (main.out)
(main.out)
\@outlinefile=\write3
\openout3 = `main.out'.

\c@mv@tabular=\count124
\c@mv@boldtabular=\count125
 ("C:\apps\MiKTeX 2.9\tex\context\base\supp-pdf.mkii"
[Loading MPS to PDF converter (version 2006.09.02).]
\scratchcounter=\count126
\scratchdimen=\dimen133
\scratchbox=\box30
\nofMPsegments=\count127
\nofMParguments=\count128
\everyMPshowfont=\toks25
\MPscratchCnt=\count129
\MPscratchDim=\dimen134
\MPnumerator=\count130
\makeMPintoPDFobject=\count131
\everyMPtoPDFconversion=\toks26
) ("C:\apps\MiKTeX 2.9\tex\latex\oberdiek\epstopdf-base.sty"
Package: epstopdf-base 2010/02/09 v2.5 Base part for package epstopdf

("C:\apps\MiKTeX 2.9\tex\latex\oberdiek\grfext.sty"
Package: grfext 2010/08/19 v1.1 Manage graphics extensions (HO)
)
Package grfext Info: Graphics extension search list:
(grfext)             [.png,.pdf,.jpg,.mps,.jpeg,.jbig2,.jb2,.PNG,.PDF,.JPG,.JPE
G,.JBIG2,.JB2,.eps]
(grfext)             \AppendGraphicsExtensions on input line 452.
)
LaTeX Font Info:    Try loading font information for OT1+ntxtlf on input line 9
3.

("C:\apps\MiKTeX 2.9\tex\latex\newtx\ot1ntxtlf.fd"
File: ot1ntxtlf.fd 2015/01/17 v1.0 font definition file for OT1/ntx/tlf
)
LaTeX Font Info:    Font shape `OT1/ntxtlf/m/n' will be
(Font)              scaled to size 14.4pt on input line 93.
LaTeX Font Info:    Font shape `OT1/ntxtlf/m/n' will be
(Font)              scaled to size 10.5pt on input line 93.
LaTeX Font Info:    Font shape `OT1/ntxtlf/m/n' will be
(Font)              scaled to size 7.9pt on input line 93.


LaTeX Font Warning: Font shape `OML/cmm/b/it' in size <10.5> not available
(Font)              size <10.95> substituted on input line 93.

LaTeX Font Info:    Try loading font information for U+ntxmia on input line 93.

("C:\apps\MiKTeX 2.9\tex\latex\newtx\untxmia.fd"
File: untxmia.fd 2012/04/16 Fontinst v1.933 font definitions for U/ntxmia.
)
LaTeX Font Info:    Try loading font information for U+ntxsym on input line 93.


("C:\apps\MiKTeX 2.9\tex\latex\newtx\untxsym.fd"
File: untxsym.fd 2015/03/20 Fontinst v1.933 font definitions for U/ntxsym.
)
LaTeX Font Info:    Try loading font information for U+ntxsyc on input line 93.


("C:\apps\MiKTeX 2.9\tex\latex\newtx\untxsyc.fd"
File: untxsyc.fd 2012/04/12 Fontinst v1.933 font definitions for U/ntxsyc.
)
LaTeX Font Info:    Try loading font information for U+msa on input line 93.

("C:\apps\MiKTeX 2.9\tex\latex\amsfonts\umsa.fd"
File: umsa.fd 2013/01/14 v3.01 AMS symbols A
)
LaTeX Font Info:    Try loading font information for U+msb on input line 93.

("C:\apps\MiKTeX 2.9\tex\latex\amsfonts\umsb.fd"
File: umsb.fd 2013/01/14 v3.01 AMS symbols B
)
LaTeX Font Info:    Try loading font information for T1+ntxsups on input line 9
3.

("C:\apps\MiKTeX 2.9\tex\latex\newtx\t1ntxsups.fd"
File: t1ntxsups.fd 2015/01/17 v1.0
)
LaTeX Font Info:    Font shape `T1/ntxsups/m/n' will be
(Font)              scaled to size 14.4pt on input line 93.
LaTeX Font Info:    Font shape `OT1/ntxtlf/m/n' will be
(Font)              scaled to size 8.0pt on input line 93.
LaTeX Font Info:    Font shape `OT1/ntxtlf/m/n' will be
(Font)              scaled to size 6.2pt on input line 93.
LaTeX Font Info:    Font shape `OT1/ntxtlf/m/n' will be
(Font)              scaled to size 5.5pt on input line 93.


LaTeX Font Warning: Font shape `OML/cmm/b/it' in size <5.5> not available
(Font)              size <5> substituted on input line 93.

LaTeX Font Info:    Try loading font information for T1+aess on input line 119.

("C:\apps\MiKTeX 2.9\tex\latex\ae\t1aess.fd"
File: t1aess.fd 1997/11/16 Font definitions for T1/aess.
)

Package natbib Warning: Citation `2006MNRAS.367..290J' on page 1 undefined on i
nput line 125.


Package natbib Warning: Citation `2012Msngr.147...25G' on page 1 undefined on i
nput line 125.


Package natbib Warning: Citation `2006AJ....132.1645S' on page 1 undefined on i
nput line 126.


Package natbib Warning: Citation `2011AJ....142...72E' on page 1 undefined on i
nput line 126.

LaTeX Font Info:    Font shape `OT1/ntxtlf/m/n' will be
(Font)              scaled to size 9.0pt on input line 133.
LaTeX Font Info:    Font shape `OT1/ntxtlf/m/n' will be
(Font)              scaled to size 7.3pt on input line 133.

Package natbib Warning: Citation `bellman:61' on page 1 undefined on input line
 142.


Package natbib Warning: Citation `2006ApJ...636..804A' on page 1 undefined on i
nput line 179.


Package natbib Warning: Citation `2012ApJ...750L..37M' on page 1 undefined on i
nput line 179.


Package natbib Warning: Citation `2006A&A...456.1109M' on page 1 undefined on i
nput line 180.


Underfull \vbox (badness 10000) has occurred while \output is active []



LaTeX Warning: Reference `firstpage' on page 1 undefined on input line 190.


LaTeX Warning: Reference `lastpage' on page 1 undefined on input line 190.

LaTeX Font Info:    Try loading font information for TS1+aer on input line 190.

LaTeX Font Info:    No file TS1aer.fd. on input line 190.

LaTeX Font Warning: Font shape `TS1/aer/m/n' undefined
(Font)              using `TS1/cmr/m/n' instead
(Font)              for symbol `textcopyright' on input line 190.

[1{C:/Users/amarcos/AppData/Local/MiKTeX/2.9/pdftex/config/pdftex.map}


]

Package natbib Warning: Citation `2010PASP..122..608M' on page 2 undefined on i
nput line 195.


Package natbib Warning: Citation `2015MNRAS.452.1394L' on page 2 undefined on i
nput line 195.


Package natbib Warning: Citation `2015ApJS..218....3L' on page 2 undefined on i
nput line 196.


Package natbib Warning: Citation `2014A&A...567A...5R' on page 2 undefined on i
nput line 200.


Package natbib Warning: Citation `2015ApJ...808...16N' on page 2 undefined on i
nput line 200.


Package natbib Warning: Citation `2015MNRAS.448.2717W' on page 2 undefined on i
nput line 201.


Package natbib Warning: Citation `2015arXiv151000111R' on page 2 undefined on i
nput line 201.


Package natbib Warning: Citation `singh:98' on page 2 undefined on input line 2
10.


Package natbib Warning: Citation `fiorentin:08b' on page 2 undefined on input l
ine 211.


Package natbib Warning: Citation `vanderplas:09' on page 2 undefined on input l
ine 214.


Package natbib Warning: Citation `roweisLLE:00' on page 2 undefined on input li
ne 217.


Package natbib Warning: Citation `tenenbaum:00' on page 2 undefined on input li
ne 218.


Package natbib Warning: Citation `vanderplas:09' on page 2 undefined on input l
ine 220.


Package natbib Warning: Citation `daniel:11' on page 2 undefined on input line 
221.


Package natbib Warning: Citation `bu:14' on page 2 undefined on input line 223.



Package natbib Warning: Citation `fiorentin:08a' on page 2 undefined on input l
ine 231.


Package natbib Warning: Citation `snider:01' on page 2 undefined on input line 
233.


Package natbib Warning: Citation `recio:06' on page 2 undefined on input line 2
38.


Package natbib Warning: Citation `navarro:12' on page 2 undefined on input line
 244.


Underfull \vbox (badness 6380) has occurred while \output is active []



LaTeX Warning: Reference `sec:dimred' on page 2 undefined on input line 266.


LaTeX Warning: Reference `sec:dataset' on page 2 undefined on input line 268.


LaTeX Warning: Reference `sec:comparison1' on page 2 undefined on input line 26
9.


LaTeX Warning: Reference `sec:comparison2' on page 2 undefined on input line 27
1.


LaTeX Warning: Reference `sec:comparison3' on page 2 undefined on input line 27
3.


LaTeX Warning: Reference `sec:conclusions' on page 2 undefined on input line 27
6.


Package natbib Warning: Citation `saxena:04' on page 2 undefined on input line 
309.


Package natbib Warning: Citation `balasubramanianISOMAP:02' on page 2 undefined
 on input line 311.


LaTeX Warning: Reference `firstpage' on page 2 undefined on input line 313.


LaTeX Warning: Reference `lastpage' on page 2 undefined on input line 313.

[2]

Package natbib Warning: Citation `hotelling:33' on page 3 undefined on input li
ne 325.


Package natbib Warning: Citation `pearson:01' on page 3 undefined on input line
 325.


Package natbib Warning: Citation `comon:94' on page 3 undefined on input line 3
49.


Package natbib Warning: Citation `jutten:91' on page 3 undefined on input line 
351.


Package natbib Warning: Citation `hyvarinen:00' on page 3 undefined on input li
ne 355.


Package natbib Warning: Citation `bell:95' on page 3 undefined on input line 35
8.


Package natbib Warning: Citation `belouchrani:97' on page 3 undefined on input 
line 358.


Package natbib Warning: Citation `ollila:06' on page 3 undefined on input line 
358.


Package natbib Warning: Citation `li:08' on page 3 undefined on input line 358.



Package natbib Warning: Citation `hyvarinen:00' on page 3 undefined on input li
ne 359.


Package natbib Warning: Citation `zarzoso:10' on page 3 undefined on input line
 362.


Package natbib Warning: Citation `cardoso:93' on page 3 undefined on input line
 368.


Package natbib Warning: Citation `zhang:2008' on page 3 undefined on input line
 374.


Package natbib Warning: Citation `2002cs.......12008Z' on page 3 undefined on i
nput line 387.


Package natbib Warning: Citation `coifman:06' on page 3 undefined on input line
 410.


Package natbib Warning: Citation `nadler:06' on page 3 undefined on input line 
410.


Package natbib Warning: Citation `tenenbaum:00' on page 3 undefined on input li
ne 425.


Package natbib Warning: Citation `mallat:98' on page 3 undefined on input line 
432.


LaTeX Warning: Reference `firstpage' on page 3 undefined on input line 444.


LaTeX Warning: Reference `lastpage' on page 3 undefined on input line 444.

[3]

Package natbib Warning: Citation `li:10' on page 4 undefined on input line 461.



Package natbib Warning: Citation `2015MNRAS.452.1394L' on page 4 undefined on i
nput line 465.


Package natbib Warning: Citation `sholkopf:98' on page 4 undefined on input lin
e 474.


Package natbib Warning: Citation `gustafsson:08' on page 4 undefined on input l
ine 496.


Package natbib Warning: Citation `alvarez:98' on page 4 undefined on input line
 497.


Package natbib Warning: Citation `plez:12' on page 4 undefined on input line 49
7.


Underfull \vbox (badness 4048) has occurred while \output is active []



LaTeX Warning: Reference `fig:gridModelos' on page 4 undefined on input line 51
2.


Package natbib Warning: Citation `gustafsson:08' on page 4 undefined on input l
ine 515.


LaTeX Warning: Reference `fig:ejemplosEspectros' on page 4 undefined on input l
ine 515.

<fig01_grid_modelos.pdf, id=107, 686.565pt x 361.35pt>
File: fig01_grid_modelos.pdf Graphic file (type pdf)

<use fig01_grid_modelos.pdf>
Package pdftex.def Info: fig01_grid_modelos.pdf used on input line 519.
(pdftex.def)             Requested size: 240.0pt x 126.3145pt.

<fig02_espectros_HR10_HR21.pdf, id=108, 578.16pt x 469.755pt>
File: fig02_espectros_HR10_HR21.pdf Graphic file (type pdf)

<use fig02_espectros_HR10_HR21.pdf>
Package pdftex.def Info: fig02_espectros_HR10_HR21.pdf used on input line 525.
(pdftex.def)             Requested size: 504.0pt x 409.5007pt.


Package natbib Warning: Citation `jain:00' on page 4 undefined on input line 53
6.


LaTeX Warning: Reference `fig:ejemplosEspectros' on page 4 undefined on input l
ine 546.


Underfull \hbox (badness 1303) in paragraph at lines 550--558
\T1/aer/m/n/9 sim-i-lar res-o-lu-tions and pa-ram-e-ter sub-spaces). In com-
 []


LaTeX Warning: Reference `firstpage' on page 4 undefined on input line 558.


LaTeX Warning: Reference `lastpage' on page 4 undefined on input line 558.

[4pdfTeX warning (ext4): destination with the same identifier (name{figure.1}) 
has been already used, duplicate ignored

\AtBegShi@Output ...ipout \box \AtBeginShipoutBox 
                                                  \fi \fi 
l.558 
       <./fig01_grid_modelos.pdf>]

LaTeX Warning: Reference `eq:rmse' on page 5 undefined on input line 583.


Underfull \vbox (badness 10000) has occurred while \output is active []



LaTeX Warning: Reference `firstpage' on page 5 undefined on input line 594.


LaTeX Warning: Reference `lastpage' on page 5 undefined on input line 594.

[5pdfTeX warning (ext4): destination with the same identifier (name{figure.2}) 
has been already used, duplicate ignored

\AtBegShi@Output ...ipout \box \AtBeginShipoutBox 
                                                  \fi \fi 
l.594 
       <./fig02_espectros_HR10_HR21.pdf>]

LaTeX Warning: Reference `fig:flowchart' on page 6 undefined on input line 601.



LaTeX Warning: Reference `tab:parameters' on page 6 undefined on input line 608
.


LaTeX Warning: Reference `itemone' on page 6 undefined on input line 618.


Underfull \hbox (badness 4429) in paragraph at lines 617--619
[]\T1/aer/m/n/9 Project the eval-u-a-tion spec-tra onto the low-
 []


LaTeX Warning: Reference `itemtwo' on page 6 undefined on input line 620.


LaTeX Warning: Reference `itemthree' on page 6 undefined on input line 621.

<flowchart.pdf, id=138, 520.11655pt x 164.9362pt>
File: flowchart.pdf Graphic file (type pdf)
 <use flowchart.pdf>
Package pdftex.def Info: flowchart.pdf used on input line 627.
(pdftex.def)             Requested size: 403.20154pt x 127.86449pt.

Overfull \hbox (6.78941pt too wide) in paragraph at lines 638--649
 [][] 
 []


LaTeX Warning: Reference `sec:dimred' on page 6 undefined on input line 660.


LaTeX Warning: Reference `fig:02' on page 6 undefined on input line 662.


LaTeX Warning: Reference `fig:07' on page 6 undefined on input line 662.

<flamesHR10_Teff_log_BestSVM_N-RMSE_test.pdf, id=139, 592.2125pt x 361.35pt>
File: flamesHR10_Teff_log_BestSVM_N-RMSE_test.pdf Graphic file (type pdf)

<use flamesHR10_Teff_log_BestSVM_N-RMSE_test.pdf>
Package pdftex.def Info: flamesHR10_Teff_log_BestSVM_N-RMSE_test.pdf used on in
put line 668.
(pdftex.def)             Requested size: 504.0pt x 307.53491pt.

<flamesHR10_Logg_BestSVM_N-RMSE_test.pdf, id=140, 592.2125pt x 361.35pt>
File: flamesHR10_Logg_BestSVM_N-RMSE_test.pdf Graphic file (type pdf)

<use flamesHR10_Logg_BestSVM_N-RMSE_test.pdf>
Package pdftex.def Info: flamesHR10_Logg_BestSVM_N-RMSE_test.pdf used on input 
line 676.
(pdftex.def)             Requested size: 504.0pt x 307.53491pt.

<flamesHR10_Meta_BestSVM_N-RMSE_test.pdf, id=141, 592.2125pt x 361.35pt>
File: flamesHR10_Meta_BestSVM_N-RMSE_test.pdf Graphic file (type pdf)

<use flamesHR10_Meta_BestSVM_N-RMSE_test.pdf>
Package pdftex.def Info: flamesHR10_Meta_BestSVM_N-RMSE_test.pdf used on input 
line 684.
(pdftex.def)             Requested size: 504.0pt x 307.53491pt.

<flamesHR10_AlFe_BestSVM_N-RMSE_test.pdf, id=142, 592.2125pt x 361.35pt>
File: flamesHR10_AlFe_BestSVM_N-RMSE_test.pdf Graphic file (type pdf)

<use flamesHR10_AlFe_BestSVM_N-RMSE_test.pdf>
Package pdftex.def Info: flamesHR10_AlFe_BestSVM_N-RMSE_test.pdf used on input 
line 692.
(pdftex.def)             Requested size: 504.0pt x 307.53491pt.


LaTeX Warning: Reference `tab:01' on page 6 undefined on input line 747.


Underfull \vbox (badness 10000) has occurred while \output is active []



LaTeX Warning: Reference `firstpage' on page 6 undefined on input line 790.


LaTeX Warning: Reference `lastpage' on page 6 undefined on input line 790.

[6pdfTeX warning (ext4): destination with the same identifier (name{table.1}) h
as been already used, duplicate ignored

\AtBegShi@Output ...ipout \box \AtBeginShipoutBox 
                                                  \fi \fi 
l.790 \subsubsection
                    {Second dataset analysis}]
Underfull \vbox (badness 10000) has occurred while \output is active []



LaTeX Warning: Reference `firstpage' on page 7 undefined on input line 790.


LaTeX Warning: Reference `lastpage' on page 7 undefined on input line 790.

[7pdfTeX warning (ext4): destination with the same identifier (name{figure.3}) 
has been already used, duplicate ignored

\AtBegShi@Output ...ipout \box \AtBeginShipoutBox 
                                                  \fi \fi 
l.790 \subsubsection
                    {Second dataset analysis}pdfTeX warning (ext4): destination
 with the same identifier (name{figure.4}) has been already used, duplicate ign
ored

\AtBegShi@Output ...ipout \box \AtBeginShipoutBox 
                                                  \fi \fi 
l.790 \subsubsection
                    {Second dataset analysis}pdfTeX warning (ext4): destination
 with the same identifier (name{table.2}) has been already used, duplicate igno
red

\AtBegShi@Output ...ipout \box \AtBeginShipoutBox 
                                                  \fi \fi 
l.790 \subsubsection
                    {Second dataset analysis} <./flowchart.pdf> <./flamesHR10_T
eff_log_BestSVM_N-RMSE_test.pdf>]

LaTeX Warning: Reference `fig:02hr21' on page 8 undefined on input line 793.


LaTeX Warning: Reference `tab:hr21' on page 8 undefined on input line 793.


Package natbib Warning: Citation `Bailer-Jones1998' on page 8 undefined on inpu
t line 810.

<flamesHR21_Teff_log_BestSVM_N-RMSE_test.pdf, id=178, 592.2125pt x 361.35pt>
File: flamesHR21_Teff_log_BestSVM_N-RMSE_test.pdf Graphic file (type pdf)

<use flamesHR21_Teff_log_BestSVM_N-RMSE_test.pdf>
Package pdftex.def Info: flamesHR21_Teff_log_BestSVM_N-RMSE_test.pdf used on in
put line 821.
(pdftex.def)             Requested size: 504.0pt x 307.53491pt.


LaTeX Warning: Reference `firstpage' on page 8 undefined on input line 869.


LaTeX Warning: Reference `lastpage' on page 8 undefined on input line 869.

[8pdfTeX warning (ext4): destination with the same identifier (name{figure.5}) 
has been already used, duplicate ignored

\AtBegShi@Output ...ipout \box \AtBeginShipoutBox 
                                                  \fi \fi 
l.869 
      pdfTeX warning (ext4): destination with the same identifier (name{table.3
}) has been already used, duplicate ignored

\AtBegShi@Output ...ipout \box \AtBeginShipoutBox 
                                                  \fi \fi 
l.869 
       <./flamesHR10_Logg_BestSVM_N-RMSE_test.pdf>]

LaTeX Warning: Reference `sec:comparison1' on page 9 undefined on input line 87
8.


LaTeX Warning: Reference `itemthree2' on page 9 undefined on input line 886.


LaTeX Warning: Reference `itemthree2' on page 9 undefined on input line 890.


LaTeX Warning: Reference `itemfour2' on page 9 undefined on input line 890.


LaTeX Warning: Reference `fig:snrtrain' on page 9 undefined on input line 898.


LaTeX Warning: Reference `firstpage' on page 9 undefined on input line 922.


LaTeX Warning: Reference `lastpage' on page 9 undefined on input line 922.

[9pdfTeX warning (ext4): destination with the same identifier (name{figure.6}) 
has been already used, duplicate ignored

\AtBegShi@Output ...ipout \box \AtBeginShipoutBox 
                                                  \fi \fi 
l.922 \item O
             nly one ICA+SVM model trained with SNR of 50 would be enough to <.
/flamesHR10_Meta_BestSVM_N-RMSE_test.pdf>]
<snr_errors_log_global_2x2.pdf, id=212, 592.2125pt x 361.35pt>
File: snr_errors_log_global_2x2.pdf Graphic file (type pdf)

<use snr_errors_log_global_2x2.pdf>
Package pdftex.def Info: snr_errors_log_global_2x2.pdf used on input line 938.
(pdftex.def)             Requested size: 504.0pt x 307.53491pt.


LaTeX Warning: Reference `fig:snrtrain' on page 10 undefined on input line 963.



LaTeX Warning: Reference `fig:snrtrainhr21' on page 10 undefined on input line 
963.


LaTeX Warning: Reference `firstpage' on page 10 undefined on input line 996.


LaTeX Warning: Reference `lastpage' on page 10 undefined on input line 996.

[10pdfTeX warning (ext4): destination with the same identifier (name{figure.7})
 has been already used, duplicate ignored

\AtBegShi@Output ...ipout \box \AtBeginShipoutBox 
                                                  \fi \fi 
l.996 
       <./flamesHR10_AlFe_BestSVM_N-RMSE_test.pdf>]
<snr_errors_log_global_HR21.pdf, id=228, 368.37625pt x 252.945pt>
File: snr_errors_log_global_HR21.pdf Graphic file (type pdf)

<use snr_errors_log_global_HR21.pdf>
Package pdftex.def Info: snr_errors_log_global_HR21.pdf used on input line 999.

(pdftex.def)             Requested size: 240.0pt x 164.7944pt.


LaTeX Warning: Reference `tab:grid' on page 11 undefined on input line 1019.


LaTeX Warning: Reference `fig:grid50' on page 11 undefined on input line 1043.


LaTeX Warning: Reference `fig:grid10' on page 11 undefined on input line 1044.

<bestSVM_Teff_N-RMSE_HR10_snr=50_all.pdf, id=229, 592.2125pt x 469.755pt>
File: bestSVM_Teff_N-RMSE_HR10_snr=50_all.pdf Graphic file (type pdf)

<use bestSVM_Teff_N-RMSE_HR10_snr=50_all.pdf>
Package pdftex.def Info: bestSVM_Teff_N-RMSE_HR10_snr=50_all.pdf used on input 
line 1062.
(pdftex.def)             Requested size: 504.0pt x 399.7954pt.

<bestSVM_Teff_N-RMSE_HR10_snr=10_all.pdf, id=230, 592.2125pt x 469.755pt>
File: bestSVM_Teff_N-RMSE_HR10_snr=10_all.pdf Graphic file (type pdf)

<use bestSVM_Teff_N-RMSE_HR10_snr=10_all.pdf>
Package pdftex.def Info: bestSVM_Teff_N-RMSE_HR10_snr=10_all.pdf used on input 
line 1070.
(pdftex.def)             Requested size: 504.0pt x 399.7954pt.


LaTeX Warning: Reference `firstpage' on page 11 undefined on input line 1090.


LaTeX Warning: Reference `lastpage' on page 11 undefined on input line 1090.

[11pdfTeX warning (ext4): destination with the same identifier (name{figure.8})
 has been already used, duplicate ignored

\AtBegShi@Output ...ipout \box \AtBeginShipoutBox 
                                                  \fi \fi 
l.1090 
       pdfTeX warning (ext4): destination with the same identifier (name{table.
4}) has been already used, duplicate ignored

\AtBegShi@Output ...ipout \box \AtBeginShipoutBox 
                                                  \fi \fi 
l.1090 
        <./flamesHR21_Teff_log_BestSVM_N-RMSE_test.pdf>] (main.bbl

LaTeX Warning: Reference `firstpage' on page 12 undefined on input line 61.


LaTeX Warning: Reference `lastpage' on page 12 undefined on input line 61.

[12pdfTeX warning (ext4): destination with the same identifier (name{figure.9})
 has been already used, duplicate ignored

\AtBegShi@Output ...ipout \box \AtBeginShipoutBox 
                                                  \fi \fi 
l.61 
     pdfTeX warning (ext4): destination with the same identifier (name{figure.1
0}) has been already used, duplicate ignored

\AtBegShi@Output ...ipout \box \AtBeginShipoutBox 
                                                  \fi \fi 
l.61 
      <./snr_errors_log_global_2x2.pdf> <./snr_errors_log_global_HR21.pdf>]
Underfull \vbox (badness 3375) has occurred while \output is active []


Underfull \vbox (badness 7415) has occurred while \output is active []



LaTeX Warning: Reference `firstpage' on page 13 undefined on input line 179.


LaTeX Warning: Reference `lastpage' on page 13 undefined on input line 179.

[13pdfTeX warning (ext4): destination with the same identifier (name{figure.11}
) has been already used, duplicate ignored

\AtBegShi@Output ...ipout \box \AtBeginShipoutBox 
                                                  \fi \fi 
l.179 
       <./bestSVM_Teff_N-RMSE_HR10_snr=50_all.pdf>]
LaTeX Font Info:    Try loading font information for T1+aett on input line 182.


("C:\apps\MiKTeX 2.9\tex\latex\ae\t1aett.fd"
File: t1aett.fd 1997/11/16 Font definitions for T1/aett.
)
Underfull \hbox (badness 2717) in paragraph at lines 181--183
[]\T1/aer/m/n/8 Plez B., 2012, Tur-bospec-trum: Code for spec-tral syn-the-
 []


Package hyperref Warning: Suppressing empty link on input line 210.


Underfull \vbox (badness 7415) has occurred while \output is active []



Package hyperref Warning: Suppressing empty link on input line 265.

)
Underfull \vbox (badness 10000) has occurred while \output is active []



LaTeX Warning: Reference `firstpage' on page 14 undefined on input line 1119.


LaTeX Warning: Reference `lastpage' on page 14 undefined on input line 1119.

[14pdfTeX warning (ext4): destination with the same identifier (name{figure.12}
) has been already used, duplicate ignored

\AtBegShi@Output ...ipout \box \AtBeginShipoutBox 
                                                  \fi \fi 
l.1119 ...ison of spectrum compression techniques}
                                                   <./bestSVM_Teff_N-RMSE_HR10_
snr=10_all.pdf>]
<flamesHR10_Teff_log_BestSVM_N-SNR-RMSE_test.pdf, id=382, 592.2125pt x 433.62pt
>
File: flamesHR10_Teff_log_BestSVM_N-SNR-RMSE_test.pdf Graphic file (type pdf)
 <use flamesHR10_Teff_log_BestSVM_N-SNR-RMSE_test.pdf>
Package pdftex.def Info: flamesHR10_Teff_log_BestSVM_N-SNR-RMSE_test.pdf used o
n input line 1122.
(pdftex.def)             Requested size: 504.0pt x 369.0419pt.

<flamesHR10_Logg_log_BestSVM_N-SNR-RMSE_test.pdf, id=383, 592.2125pt x 433.62pt
>
File: flamesHR10_Logg_log_BestSVM_N-SNR-RMSE_test.pdf Graphic file (type pdf)
 <use flamesHR10_Logg_log_BestSVM_N-SNR-RMSE_test.pdf>
Package pdftex.def Info: flamesHR10_Logg_log_BestSVM_N-SNR-RMSE_test.pdf used o
n input line 1130.
(pdftex.def)             Requested size: 504.0pt x 369.0419pt.

<flamesHR10_Meta_log_BestSVM_N-SNR-RMSE_test.pdf, id=384, 592.2125pt x 433.62pt
>
File: flamesHR10_Meta_log_BestSVM_N-SNR-RMSE_test.pdf Graphic file (type pdf)
 <use flamesHR10_Meta_log_BestSVM_N-SNR-RMSE_test.pdf>
Package pdftex.def Info: flamesHR10_Meta_log_BestSVM_N-SNR-RMSE_test.pdf used o
n input line 1138.
(pdftex.def)             Requested size: 504.0pt x 369.0419pt.

<flamesHR10_AlFe_log_BestSVM_N-SNR-RMSE_test.pdf, id=385, 592.2125pt x 433.62pt
>
File: flamesHR10_AlFe_log_BestSVM_N-SNR-RMSE_test.pdf Graphic file (type pdf)
 <use flamesHR10_AlFe_log_BestSVM_N-SNR-RMSE_test.pdf>
Package pdftex.def Info: flamesHR10_AlFe_log_BestSVM_N-SNR-RMSE_test.pdf used o
n input line 1146.
(pdftex.def)             Requested size: 504.0pt x 369.0419pt.

<bestSVM_Teff_N-RMSE_HR10_snr=100_all.pdf, id=386, 592.2125pt x 469.755pt>
File: bestSVM_Teff_N-RMSE_HR10_snr=100_all.pdf Graphic file (type pdf)

<use bestSVM_Teff_N-RMSE_HR10_snr=100_all.pdf>
Package pdftex.def Info: bestSVM_Teff_N-RMSE_HR10_snr=100_all.pdf used on input
 line 1156.
(pdftex.def)             Requested size: 504.0pt x 399.7954pt.

<bestSVM_Teff_N-RMSE_HR10_snr=25_all.pdf, id=387, 592.2125pt x 469.755pt>
File: bestSVM_Teff_N-RMSE_HR10_snr=25_all.pdf Graphic file (type pdf)

<use bestSVM_Teff_N-RMSE_HR10_snr=25_all.pdf>
Package pdftex.def Info: bestSVM_Teff_N-RMSE_HR10_snr=25_all.pdf used on input 
line 1164.
(pdftex.def)             Requested size: 504.0pt x 399.7954pt.


Package natbib Warning: There were undefined citations.

Package atveryend Info: Empty hook `BeforeClearDocument' on input line 1177.

LaTeX Warning: Reference `firstpage' on page 15 undefined on input line 1177.


LaTeX Warning: Reference `lastpage' on page 15 undefined on input line 1177.

[15

]
Underfull \vbox (badness 10000) has occurred while \output is active []



LaTeX Warning: Reference `firstpage' on page 16 undefined on input line 1177.


LaTeX Warning: Reference `lastpage' on page 16 undefined on input line 1177.

[16pdfTeX warning (ext4): destination with the same identifier (name{figure.A1.
1}) has been already used, duplicate ignored

\AtBegShi@Output ...ipout \box \AtBeginShipoutBox 
                                                  \fi \fi 
l.1177 \end{document}
                      <./flamesHR10_Teff_log_BestSVM_N-SNR-RMSE_test.pdf>]
Underfull \vbox (badness 10000) has occurred while \output is active []



LaTeX Warning: Reference `firstpage' on page 17 undefined on input line 1177.


LaTeX Warning: Reference `lastpage' on page 17 undefined on input line 1177.

[17pdfTeX warning (ext4): destination with the same identifier (name{figure.A1.
2}) has been already used, duplicate ignored

\AtBegShi@Output ...ipout \box \AtBeginShipoutBox 
                                                  \fi \fi 
l.1177 \end{document}
                      <./flamesHR10_Logg_log_BestSVM_N-SNR-RMSE_test.pdf>]
Underfull \vbox (badness 10000) has occurred while \output is active []



LaTeX Warning: Reference `firstpage' on page 18 undefined on input line 1177.


LaTeX Warning: Reference `lastpage' on page 18 undefined on input line 1177.

[18pdfTeX warning (ext4): destination with the same identifier (name{figure.A1.
3}) has been already used, duplicate ignored

\AtBegShi@Output ...ipout \box \AtBeginShipoutBox 
                                                  \fi \fi 
l.1177 \end{document}
                      <./flamesHR10_Meta_log_BestSVM_N-SNR-RMSE_test.pdf>]
Underfull \vbox (badness 10000) has occurred while \output is active []



LaTeX Warning: Reference `firstpage' on page 19 undefined on input line 1177.


LaTeX Warning: Reference `lastpage' on page 19 undefined on input line 1177.

[19pdfTeX warning (ext4): destination with the same identifier (name{figure.A1.
4}) has been already used, duplicate ignored

\AtBegShi@Output ...ipout \box \AtBeginShipoutBox 
                                                  \fi \fi 
l.1177 \end{document}
                      <./flamesHR10_AlFe_log_BestSVM_N-SNR-RMSE_test.pdf>]
Underfull \vbox (badness 10000) has occurred while \output is active []



LaTeX Warning: Reference `firstpage' on page 20 undefined on input line 1177.


LaTeX Warning: Reference `lastpage' on page 20 undefined on input line 1177.

[20pdfTeX warning (ext4): destination with the same identifier (name{figure.A2.
1}) has been already used, duplicate ignored

\AtBegShi@Output ...ipout \box \AtBeginShipoutBox 
                                                  \fi \fi 
l.1177 \end{document}
                      <./bestSVM_Teff_N-RMSE_HR10_snr=100_all.pdf>]
Underfull \vbox (badness 10000) has occurred while \output is active []



LaTeX Warning: Reference `firstpage' on page 21 undefined on input line 1177.


LaTeX Warning: Reference `lastpage' on page 21 undefined on input line 1177.

[21pdfTeX warning (ext4): destination with the same identifier (name{figure.A2.
2}) has been already used, duplicate ignored

\AtBegShi@Output ...ipout \box \AtBeginShipoutBox 
                                                  \fi \fi 
l.1177 \end{document}
                      <./bestSVM_Teff_N-RMSE_HR10_snr=25_all.pdf>]
Package atveryend Info: Empty hook `AfterLastShipout' on input line 1177.
 (main.aux

Package natbib Warning: Citation(s) may have changed.
(natbib)                Rerun to get citations correct.

)
Package atveryend Info: Empty hook `AtVeryEndDocument' on input line 1177.
Package atveryend Info: Executing hook `AtEndAfterFileList' on input line 1177.



Package rerunfilecheck Warning: File `main.out' has changed.
(rerunfilecheck)                Rerun to get outlines right
(rerunfilecheck)                or use package `bookmark'.

Package rerunfilecheck Info: Checksums for `main.out':
(rerunfilecheck)             Before: AEB8E1FF6D2C4A1D71E7A5CEBECD0046;1129
(rerunfilecheck)             After:  7B4940B201A1340AD31912E8E4DECE47;1179.

LaTeX Font Warning: Size substitutions with differences
(Font)              up to 0.5pt have occurred.


LaTeX Font Warning: Some font shapes were not available, defaults substituted.


LaTeX Warning: There were undefined references.


LaTeX Warning: Label(s) may have changed. Rerun to get cross-references right.

Package atveryend Info: Empty hook `AtVeryVeryEnd' on input line 1177.
 )
(\end occurred inside a group at level 3)

### simple group (level 3) entered at line 459 ({)
### simple group (level 2) entered at line 457 ({)
### simple group (level 1) entered at line 380 ({)
### bottom level 
Here is how much of TeX's memory you used:
 10207 strings out of 493340
 143074 string characters out of 3143200
 236979 words of memory out of 3000000
 13282 multiletter control sequences out of 15000+200000
 107735 words of font info for 236 fonts, out of 3000000 for 9000
 1141 hyphenation exceptions out of 8191
 36i,15n,35p,944b,737s stack positions out of 5000i,500n,10000p,200000b,50000s
pdfTeX warning (dest): name{Hfootnote.1} has been referenced bu
t does not exist, replaced by a fixed one

{C:/apps/MiKTeX 2.9/fonts/enc/dvips/fontname/8r.enc}{C:/apps/MiKTeX 2.9/fonts/e
nc/dvips/cm-super/cm-super-ts1.enc}{C:/apps/MiKTeX 2.9/fonts/enc/dvips/newtx/nt
x-ot1-tlf.enc}<C:/apps/MiKTeX 2.9/fonts/type1/public/amsfonts/cm/cmbx10.pfb><C:
/apps/MiKTeX 2.9/fonts/type1/public/amsfonts/cm/cmbx12.pfb><C:/apps/MiKTeX 2.9/
fonts/type1/public/amsfonts/cm/cmbx8.pfb><C:/apps/MiKTeX 2.9/fonts/type1/public
/amsfonts/cm/cmbx9.pfb><C:/apps/MiKTeX 2.9/fonts/type1/public/amsfonts/cm/cmbxt
i10.pfb><C:/apps/MiKTeX 2.9/fonts/type1/public/amsfonts/cm/cmmi9.pfb><C:/apps/M
iKTeX 2.9/fonts/type1/public/amsfonts/cm/cmr10.pfb><C:/apps/MiKTeX 2.9/fonts/ty
pe1/public/amsfonts/cm/cmr12.pfb><C:/apps/MiKTeX 2.9/fonts/type1/public/amsfont
s/cm/cmr6.pfb><C:/apps/MiKTeX 2.9/fonts/type1/public/amsfonts/cm/cmr8.pfb><C:/a
pps/MiKTeX 2.9/fonts/type1/public/amsfonts/cm/cmr9.pfb><C:/apps/MiKTeX 2.9/font
s/type1/public/amsfonts/cm/cmsl9.pfb><C:/apps/MiKTeX 2.9/fonts/type1/public/ams
fonts/cm/cmss8.pfb><C:/apps/MiKTeX 2.9/fonts/type1/public/amsfonts/cm/cmti12.pf
b><C:/apps/MiKTeX 2.9/fonts/type1/public/amsfonts/cm/cmti8.pfb><C:/apps/MiKTeX 
2.9/fonts/type1/public/amsfonts/cm/cmti9.pfb><C:/apps/MiKTeX 2.9/fonts/type1/pu
blic/amsfonts/cm/cmtt8.pfb><C:/apps/MiKTeX 2.9/fonts/type1/public/amsfonts/symb
ols/msam10.pfb><C:/apps/MiKTeX 2.9/fonts/type1/public/tex-gyre/qtmr.pfb><C:/app
s/MiKTeX 2.9/fonts/type1/public/newtx/rntxmi7.pfb><C:/apps/MiKTeX 2.9/fonts/typ
e1/public/txfonts/rtxmi.pfb><C:/apps/MiKTeX 2.9/fonts/type1/public/newtx/rtxmi5
.pfb><C:/apps/MiKTeX 2.9/fonts/type1/public/newtx/rtxmi7.pfb><C:/apps/MiKTeX 2.
9/fonts/type1/public/txfonts/rtxr.pfb><C:/apps/MiKTeX 2.9/fonts/type1/public/cm
-super/sfrm0800.pfb><C:/apps/MiKTeX 2.9/fonts/type1/public/newtx/txex-bar.pfb><
C:/apps/MiKTeX 2.9/fonts/type1/public/txfonts/txex.pfb><C:/apps/MiKTeX 2.9/font
s/type1/public/txfonts/txsy.pfb><C:/apps/MiKTeX 2.9/fonts/type1/urw/times/utmr8
a.pfb><C:/apps/MiKTeX 2.9/fonts/type1/urw/times/utmri8a.pfb>
Output written on main.pdf (21 pages, 841055 bytes).
PDF statistics:
 595 PDF objects out of 1000 (max. 8388607)
 127 named destinations out of 1000 (max. 500000)
 227 words of extra memory for PDF output out of 10000 (max. 10000000)

